<?xml version="1.0" encoding="UTF-8"?>
<!-- Generated by org.testng.reporters.JUnitReportReporter -->
<testsuite hostname="DESKTOP-GDMS8TB" failures="0" tests="1" name="NewCampaignTests" time="0.065" errors="0" timestamp="2021-01-10T07:03:27 PST" skipped="0">
  <testcase classname="NewCampaignTests" name="createCampaign" time="0.065"/>
  <system-out/>
</testsuite> <!-- NewCampaignTests -->
