<?xml version="1.0" encoding="UTF-8"?>
<!-- Generated by org.testng.reporters.JUnitReportReporter -->
<testsuite hostname="DESKTOP-GDMS8TB" failures="0" tests="1" name="LandingPage" time="0.724" errors="0" timestamp="2021-01-10T07:03:27 PST" skipped="0">
  <testcase classname="LandingPage" name="verifyUserCanLogin" time="0.724"/>
  <system-out/>
</testsuite> <!-- LandingPage -->
