<?xml version="1.0" encoding="UTF-8"?>
<!-- Generated by org.testng.reporters.JUnitReportReporter -->
<testsuite hostname="DESKTOP-GDMS8TB" failures="0" tests="1" name="NewCampaignTests" time="2.157" errors="0" timestamp="2021-01-07T07:03:33 PST" skipped="0">
  <testcase classname="NewCampaignTests" name="createCampaign" time="2.157"/>
  <system-out/>
</testsuite> <!-- NewCampaignTests -->
